<?xml version="1.0" encoding="UTF-8" ?>
<testsuite errors="0" failures="0" hostname="codinlap198" name="calendario.TestWhiteBox" skipped="0" tests="9" time="0.053" timestamp="2017-03-02T14:48:23">
  <properties>
[...]
</properties>
  <testcase classname="calendario.TestWhiteBox" name="testCalendWB1" time="0.015" />
  <testcase classname="calendario.TestWhiteBox" name="testCalendWB2" time="0.0" />
  <testcase classname="calendario.TestWhiteBox" name="testCalendWB3" time="0.0" />
  <testcase classname="calendario.TestWhiteBox" name="testCalendWB4" time="0.0" />
  <testcase classname="calendario.TestWhiteBox" name="testCalendWB5" time="0.0" />
  <testcase classname="calendario.TestWhiteBox" name="testCalendWB6" time="0.0" />
  <testcase classname="calendario.TestWhiteBox" name="testCalendWB7" time="0.0" />
  <testcase classname="calendario.TestWhiteBox" name="testCalendWB8" time="0.0" />
  <testcase classname="calendario.TestWhiteBox" name="testCalendWB9" time="0.0" />
  <system-out><![CDATA[]]></system-out>
  <system-err><![CDATA[]]></system-err>
</testsuite>
